<?xml version="1.0" encoding="UTF-8"?>
<testng-results skipped="0" failed="0" ignored="0" total="1" passed="1">
  <reporter-output>
  </reporter-output>
  <suite name="Default suite" duration-ms="17964" started-at="2017-04-17T01:04:19Z" finished-at="2017-04-17T01:04:37Z">
    <groups>
    </groups>
    <test name="Default test" duration-ms="17964" started-at="2017-04-17T01:04:19Z" finished-at="2017-04-17T01:04:37Z">
      <class name="com.WeatherAPI.Weather">
        <test-method status="PASS" signature="start()[pri:0, instance:com.WeatherAPI.Weather@61832929]" name="start" is-config="true" duration-ms="11197" started-at="2017-04-16T20:04:19Z" finished-at="2017-04-16T20:04:30Z">
          <reporter-output>
          </reporter-output>
        </test-method> <!-- start -->
        <test-method status="PASS" signature="CityName()[pri:0, instance:com.WeatherAPI.Weather@61832929]" name="CityName" duration-ms="6590" started-at="2017-04-16T20:04:30Z" finished-at="2017-04-16T20:04:37Z">
          <reporter-output>
          </reporter-output>
        </test-method> <!-- CityName -->
        <test-method status="PASS" signature="CleanUp()[pri:0, instance:com.WeatherAPI.Weather@61832929]" name="CleanUp" is-config="true" duration-ms="66" started-at="2017-04-16T20:04:37Z" finished-at="2017-04-16T20:04:37Z">
          <reporter-output>
          </reporter-output>
        </test-method> <!-- CleanUp -->
      </class> <!-- com.WeatherAPI.Weather -->
    </test> <!-- Default test -->
  </suite> <!-- Default suite -->
</testng-results>
